  Main.cpp
C:\Users\Mattan\source\repos\GitHub\TicTacToe\Tic Tac Toe\ConsoleDrawer.h(7,15): warning C4838: conversion from 'const int' to 'SHORT' requires a narrowing conversion
C:\Users\Mattan\source\repos\GitHub\TicTacToe\Tic Tac Toe\ConsoleDrawer.h(7,18): warning C4838: conversion from 'const int' to 'SHORT' requires a narrowing conversion
C:\Users\Mattan\source\repos\GitHub\TicTacToe\Tic Tac Toe\BoardManager.h(37,8): warning C4244: 'initializing': conversion from 'double' to 'int', possible loss of data
C:\Users\Mattan\source\repos\GitHub\TicTacToe\Tic Tac Toe\Main.h(83,8): warning C4244: 'initializing': conversion from 'double' to 'int', possible loss of data
C:\Users\Mattan\source\repos\GitHub\TicTacToe\Tic Tac Toe\Main.h(85,16): warning C4244: 'initializing': conversion from 'int' to 'float', possible loss of data
C:\Users\Mattan\source\repos\GitHub\TicTacToe\Tic Tac Toe\Main.h(86,16): warning C4244: 'initializing': conversion from 'int' to 'float', possible loss of data
C:\Users\Mattan\source\repos\GitHub\TicTacToe\Tic Tac Toe\Main.h(88,52): warning C4244: 'argument': conversion from 'float' to 'const int', possible loss of data
C:\Users\Mattan\source\repos\GitHub\TicTacToe\Tic Tac Toe\Main.h(88,27): warning C4244: 'argument': conversion from 'float' to 'const int', possible loss of data
C:\Users\Mattan\source\repos\GitHub\TicTacToe\Tic Tac Toe\Main.h(89,52): warning C4244: 'argument': conversion from 'float' to 'const int', possible loss of data
C:\Users\Mattan\source\repos\GitHub\TicTacToe\Tic Tac Toe\Main.h(89,27): warning C4244: 'argument': conversion from 'float' to 'const int', possible loss of data
C:\Users\Mattan\source\repos\GitHub\TicTacToe\Tic Tac Toe\Main.h(95,8): warning C4244: 'initializing': conversion from 'double' to 'int', possible loss of data
C:\Users\Mattan\source\repos\GitHub\TicTacToe\Tic Tac Toe\Main.h(97,16): warning C4244: 'initializing': conversion from 'int' to 'float', possible loss of data
C:\Users\Mattan\source\repos\GitHub\TicTacToe\Tic Tac Toe\Main.h(98,16): warning C4244: 'initializing': conversion from 'int' to 'float', possible loss of data
C:\Users\Mattan\source\repos\GitHub\TicTacToe\Tic Tac Toe\Main.h(100,52): warning C4244: 'argument': conversion from 'float' to 'const int', possible loss of data
C:\Users\Mattan\source\repos\GitHub\TicTacToe\Tic Tac Toe\Main.h(100,27): warning C4244: 'argument': conversion from 'float' to 'const int', possible loss of data
C:\Users\Mattan\source\repos\GitHub\TicTacToe\Tic Tac Toe\Main.h(101,52): warning C4244: 'argument': conversion from 'float' to 'const int', possible loss of data
C:\Users\Mattan\source\repos\GitHub\TicTacToe\Tic Tac Toe\Main.h(101,27): warning C4244: 'argument': conversion from 'float' to 'const int', possible loss of data
C:\Users\Mattan\source\repos\GitHub\TicTacToe\Tic Tac Toe\Main.h(109,38): warning C4244: 'return': conversion from 'double' to 'float', possible loss of data
C:\Users\Mattan\source\repos\GitHub\TicTacToe\Tic Tac Toe\Main.h(114,8): warning C4244: 'initializing': conversion from 'double' to 'int', possible loss of data
C:\Users\Mattan\source\repos\GitHub\TicTacToe\Tic Tac Toe\Main.h(116,16): warning C4244: 'initializing': conversion from 'int' to 'float', possible loss of data
C:\Users\Mattan\source\repos\GitHub\TicTacToe\Tic Tac Toe\Main.h(117,16): warning C4244: 'initializing': conversion from 'int' to 'float', possible loss of data
C:\Users\Mattan\source\repos\GitHub\TicTacToe\Tic Tac Toe\Main.h(120,34): warning C4244: 'argument': conversion from 'int' to 'float', possible loss of data
C:\Users\Mattan\source\repos\GitHub\TicTacToe\Tic Tac Toe\Main.h(120,27): warning C4244: 'argument': conversion from 'int' to 'float', possible loss of data
C:\Users\Mattan\source\repos\GitHub\TicTacToe\Tic Tac Toe\Main.h(130,8): warning C4244: 'initializing': conversion from 'double' to 'int', possible loss of data
C:\Users\Mattan\source\repos\GitHub\TicTacToe\Tic Tac Toe\Main.h(132,16): warning C4244: 'initializing': conversion from 'int' to 'float', possible loss of data
C:\Users\Mattan\source\repos\GitHub\TicTacToe\Tic Tac Toe\Main.h(133,16): warning C4244: 'initializing': conversion from 'int' to 'float', possible loss of data
C:\Users\Mattan\source\repos\GitHub\TicTacToe\Tic Tac Toe\Main.h(136,34): warning C4244: 'argument': conversion from 'int' to 'float', possible loss of data
C:\Users\Mattan\source\repos\GitHub\TicTacToe\Tic Tac Toe\Main.h(136,27): warning C4244: 'argument': conversion from 'int' to 'float', possible loss of data
C:\Users\Mattan\source\repos\GitHub\TicTacToe\Tic Tac Toe\Main.h(147,25): warning C4244: 'initializing': conversion from 'double' to 'int', possible loss of data
C:\Users\Mattan\source\repos\GitHub\TicTacToe\Tic Tac Toe\Main.h(147,18): warning C4244: 'initializing': conversion from 'double' to 'const int', possible loss of data
C:\Users\Mattan\source\repos\GitHub\TicTacToe\Tic Tac Toe\Main.cpp(56,13): warning C4244: 'initializing': conversion from 'double' to 'int', possible loss of data
C:\Users\Mattan\source\repos\GitHub\TicTacToe\Tic Tac Toe\Main.cpp(76,12): warning C4244: 'initializing': conversion from 'double' to 'int', possible loss of data
  Generating code
  1 of 103 functions ( 1.0%) were compiled, the rest were copied from previous compilation.
    0 functions were new in current compilation
    0 functions had inline decision re-evaluated but remain unchanged
  Finished generating code
  Tic Tac Toe.vcxproj -> C:\Users\Mattan\source\repos\GitHub\TicTacToe\x64\Release\Tic Tac Toe.exe
